# JRE version: OpenJDK Runtime Environment Temurin-17.0.10+7 (17.0.10+7) (build 17.0.10+7)
# Java VM: OpenJDK 64-Bit Server VM Temurin-17.0.10+7 (17.0.10+7, mixed mode, emulated-client, tiered, compressed oops, compressed class ptrs, g1 gc, windows-amd64)
GC Precious Log:
 CPUs: 8 total, 8 available
 Memory: 7926M
 Large Page Support: Disabled
 NUMA Support: Disabled
 Compressed Oops: Enabled (32-bit)
 Heap Region Size: 1M
 Heap Min Capacity: 8M
 Heap Initial Capacity: 124M
 Heap Max Capacity: 1G
 Pre-touch: Disabled
 Parallel Workers: 8
 Concurrent Workers: 2
 Concurrent Refinement Workers: 8
 Periodic GC: Disabled
Heap:
 garbage-first heap   total 75776K, used 24118K [0x00000000c0000000, 0x0000000100000000)
  region size 1024K, 1 young (1024K), 0 survivors (0K)
 Metaspace       used 38806K, committed 39424K, reserved 1114112K
  class space    used 5117K, committed 5376K, reserved 1048576K
GC Heap History (20 events):
Event: 2980.223 GC heap before
{Heap before GC invocations=272 (full 262):
 garbage-first heap   total 75776K, used 24118K [0x00000000c0000000, 0x0000000100000000)
  region size 1024K, 1 young (1024K), 0 survivors (0K)
 Metaspace       used 38806K, committed 39424K, reserved 1114112K
  class space    used 5117K, committed 5376K, reserved 1048576K
}
Event: 2980.268 GC heap after
{Heap after GC invocations=273 (full 263):
 garbage-first heap   total 75776K, used 24118K [0x00000000c0000000, 0x0000000100000000)
  region size 1024K, 0 young (0K), 0 survivors (0K)
 Metaspace       used 38806K, committed 39424K, reserved 1114112K
  class space    used 5117K, committed 5376K, reserved 1048576K
}
Event: 2990.692 GC heap before
{Heap before GC invocations=273 (full 263):
 garbage-first heap   total 75776K, used 24118K [0x00000000c0000000, 0x0000000100000000)
  region size 1024K, 1 young (1024K), 0 survivors (0K)
 Metaspace       used 38806K, committed 39424K, reserved 1114112K
  class space    used 5117K, committed 5376K, reserved 1048576K
}
Event: 2990.716 GC heap after
{Heap after GC invocations=274 (full 264):
 garbage-first heap   total 75776K, used 24118K [0x00000000c0000000, 0x0000000100000000)
  region size 1024K, 0 young (0K), 0 survivors (0K)
 Metaspace       used 38806K, committed 39424K, reserved 1114112K
  class space    used 5117K, committed 5376K, reserved 1048576K
}
Event: 3001.044 GC heap before
{Heap before GC invocations=274 (full 264):
 garbage-first heap   total 75776K, used 24118K [0x00000000c0000000, 0x0000000100000000)
  region size 1024K, 1 young (1024K), 0 survivors (0K)
 Metaspace       used 38806K, committed 39424K, reserved 1114112K
  class space    used 5117K, committed 5376K, reserved 1048576K
}
Event: 3001.071 GC heap after
{Heap after GC invocations=275 (full 265):
 garbage-first heap   total 75776K, used 24118K [0x00000000c0000000, 0x0000000100000000)
  region size 1024K, 0 young (0K), 0 survivors (0K)
 Metaspace       used 38806K, committed 39424K, reserved 1114112K
  class space    used 5117K, committed 5376K, reserved 1048576K
}
Event: 3011.486 GC heap before
{Heap before GC invocations=275 (full 265):
 garbage-first heap   total 75776K, used 24118K [0x00000000c0000000, 0x0000000100000000)
  region size 1024K, 1 young (1024K), 0 survivors (0K)
 Metaspace       used 38806K, committed 39424K, reserved 1114112K
  class space    used 5117K, committed 5376K, reserved 1048576K
}
Event: 3011.519 GC heap after
{Heap after GC invocations=276 (full 266):
 garbage-first heap   total 75776K, used 24118K [0x00000000c0000000, 0x0000000100000000)
  region size 1024K, 0 young (0K), 0 survivors (0K)
 Metaspace       used 38806K, committed 39424K, reserved 1114112K
  class space    used 5117K, committed 5376K, reserved 1048576K
}
Event: 3021.903 GC heap before
{Heap before GC invocations=276 (full 266):
 garbage-first heap   total 75776K, used 24118K [0x00000000c0000000, 0x0000000100000000)
  region size 1024K, 1 young (1024K), 0 survivors (0K)
 Metaspace       used 38806K, committed 39424K, reserved 1114112K
  class space    used 5117K, committed 5376K, reserved 1048576K
}
Event: 3021.940 GC heap after
{Heap after GC invocations=277 (full 267):
 garbage-first heap   total 75776K, used 24118K [0x00000000c0000000, 0x0000000100000000)
  region size 1024K, 0 young (0K), 0 survivors (0K)
 Metaspace       used 38806K, committed 39424K, reserved 1114112K
  class space    used 5117K, committed 5376K, reserved 1048576K
}
Event: 3033.010 GC heap before
{Heap before GC invocations=277 (full 267):
 garbage-first heap   total 75776K, used 24118K [0x00000000c0000000, 0x0000000100000000)
  region size 1024K, 1 young (1024K), 0 survivors (0K)
 Metaspace       used 38806K, committed 39424K, reserved 1114112K
  class space    used 5117K, committed 5376K, reserved 1048576K
}
Event: 3033.038 GC heap after
{Heap after GC invocations=278 (full 268):
 garbage-first heap   total 75776K, used 24118K [0x00000000c0000000, 0x0000000100000000)
  region size 1024K, 0 young (0K), 0 survivors (0K)
 Metaspace       used 38806K, committed 39424K, reserved 1114112K
  class space    used 5117K, committed 5376K, reserved 1048576K
}
Event: 3043.439 GC heap before
{Heap before GC invocations=278 (full 268):
 garbage-first heap   total 75776K, used 24118K [0x00000000c0000000, 0x0000000100000000)
  region size 1024K, 1 young (1024K), 0 survivors (0K)
 Metaspace       used 38806K, committed 39424K, reserved 1114112K
  class space    used 5117K, committed 5376K, reserved 1048576K
}
Event: 3043.464 GC heap after
{Heap after GC invocations=279 (full 269):
 garbage-first heap   total 75776K, used 24118K [0x00000000c0000000, 0x0000000100000000)
  region size 1024K, 0 young (0K), 0 survivors (0K)
 Metaspace       used 38806K, committed 39424K, reserved 1114112K
  class space    used 5117K, committed 5376K, reserved 1048576K
}
Event: 3053.866 GC heap before
{Heap before GC invocations=279 (full 269):
 garbage-first heap   total 75776K, used 24118K [0x00000000c0000000, 0x0000000100000000)
  region size 1024K, 1 young (1024K), 0 survivors (0K)
 Metaspace       used 38806K, committed 39424K, reserved 1114112K
  class space    used 5117K, committed 5376K, reserved 1048576K
}
Event: 3053.894 GC heap after
{Heap after GC invocations=280 (full 270):
 garbage-first heap   total 75776K, used 24118K [0x00000000c0000000, 0x0000000100000000)
  region size 1024K, 0 young (0K), 0 survivors (0K)
 Metaspace       used 38806K, committed 39424K, reserved 1114112K
  class space    used 5117K, committed 5376K, reserved 1048576K
}
Event: 3064.283 GC heap before
{Heap before GC invocations=280 (full 270):
 garbage-first heap   total 75776K, used 24118K [0x00000000c0000000, 0x0000000100000000)
  region size 1024K, 1 young (1024K), 0 survivors (0K)
 Metaspace       used 38806K, committed 39424K, reserved 1114112K
  class space    used 5117K, committed 5376K, reserved 1048576K
}
Event: 3064.309 GC heap after
{Heap after GC invocations=281 (full 271):
 garbage-first heap   total 75776K, used 24118K [0x00000000c0000000, 0x0000000100000000)
  region size 1024K, 0 young (0K), 0 survivors (0K)
 Metaspace       used 38806K, committed 39424K, reserved 1114112K
  class space    used 5117K, committed 5376K, reserved 1048576K
}
Event: 3074.750 GC heap before
{Heap before GC invocations=281 (full 271):
 garbage-first heap   total 75776K, used 24118K [0x00000000c0000000, 0x0000000100000000)
  region size 1024K, 1 young (1024K), 0 survivors (0K)
 Metaspace       used 38806K, committed 39424K, reserved 1114112K
  class space    used 5117K, committed 5376K, reserved 1048576K
}
Event: 3074.780 GC heap after
{Heap after GC invocations=282 (full 272):
 garbage-first heap   total 75776K, used 24118K [0x00000000c0000000, 0x0000000100000000)
  region size 1024K, 0 young (0K), 0 survivors (0K)
 Metaspace       used 38806K, committed 39424K, reserved 1114112K
  class space    used 5117K, committed 5376K, reserved 1048576K
}

